Mon, 18 Jul 2016 18:40:35 leech.py[line:22] INFO this is leech entry point.
Mon, 18 Jul 2016 18:45:00 leech.py[line:22] INFO this is leech entry point.
Mon, 18 Jul 2016 18:45:56 leech.py[line:22] INFO this is leech entry point.
Wed, 17 Aug 2016 07:25:10 leech.py[line:12] INFO this is leech entry point.
Wed, 17 Aug 2016 07:25:10 raw_data.py[line:32] INFO http://hq.sinajs.cn/list=sh000001
Wed, 17 Aug 2016 07:25:16 raw_data.py[line:32] INFO http://hq.sinajs.cn/list=sh000001
Wed, 17 Aug 2016 07:25:18 raw_data.py[line:32] INFO http://hq.sinajs.cn/list=sh000001
Wed, 17 Aug 2016 07:25:20 raw_data.py[line:32] INFO http://hq.sinajs.cn/list=sh000001
Wed, 17 Aug 2016 07:25:22 raw_data.py[line:32] INFO http://hq.sinajs.cn/list=sh000001
Wed, 17 Aug 2016 07:25:24 raw_data.py[line:32] INFO http://hq.sinajs.cn/list=sh000001
Wed, 17 Aug 2016 07:25:26 raw_data.py[line:32] INFO http://hq.sinajs.cn/list=sh000001
Wed, 17 Aug 2016 07:25:29 raw_data.py[line:32] INFO http://hq.sinajs.cn/list=sh000001
Wed, 17 Aug 2016 07:25:31 raw_data.py[line:32] INFO http://hq.sinajs.cn/list=sh000001
Wed, 17 Aug 2016 07:25:33 raw_data.py[line:32] INFO http://hq.sinajs.cn/list=sh000001
Wed, 17 Aug 2016 07:25:35 raw_data.py[line:32] INFO http://hq.sinajs.cn/list=sh000001
Wed, 17 Aug 2016 07:25:38 raw_data.py[line:32] INFO http://hq.sinajs.cn/list=sh000001
Wed, 17 Aug 2016 07:25:40 raw_data.py[line:32] INFO http://hq.sinajs.cn/list=sh000001
Wed, 17 Aug 2016 07:25:42 raw_data.py[line:32] INFO http://hq.sinajs.cn/list=sh000001
Wed, 17 Aug 2016 07:25:44 raw_data.py[line:32] INFO http://hq.sinajs.cn/list=sh000001
Wed, 17 Aug 2016 07:25:46 raw_data.py[line:32] INFO http://hq.sinajs.cn/list=sh000001
Wed, 17 Aug 2016 07:25:49 raw_data.py[line:32] INFO http://hq.sinajs.cn/list=sh000001
Wed, 17 Aug 2016 07:25:50 raw_data.py[line:32] INFO http://hq.sinajs.cn/list=sh000001
Wed, 17 Aug 2016 07:25:52 raw_data.py[line:32] INFO http://hq.sinajs.cn/list=sh000001
Wed, 17 Aug 2016 07:25:54 raw_data.py[line:32] INFO http://hq.sinajs.cn/list=sh000001
Wed, 17 Aug 2016 07:25:57 raw_data.py[line:32] INFO http://hq.sinajs.cn/list=sh000001
Wed, 17 Aug 2016 07:25:59 raw_data.py[line:32] INFO http://hq.sinajs.cn/list=sh000001
Wed, 17 Aug 2016 07:26:01 raw_data.py[line:32] INFO http://hq.sinajs.cn/list=sh000001
Wed, 17 Aug 2016 07:26:02 leech.py[line:12] INFO this is leech entry point.
Wed, 17 Aug 2016 07:26:02 raw_data.py[line:32] INFO http://hq.sinajs.cn/list=sh000001
Wed, 17 Aug 2016 07:26:02 raw_data.py[line:32] INFO http://hq.sinajs.cn/list=sh000001
Wed, 17 Aug 2016 07:26:03 raw_data.py[line:32] INFO http://hq.sinajs.cn/list=sh000001
Wed, 17 Aug 2016 07:26:03 raw_data.py[line:32] INFO http://hq.sinajs.cn/list=sh000001
Wed, 17 Aug 2016 07:26:04 raw_data.py[line:32] INFO http://hq.sinajs.cn/list=sh000001
Wed, 17 Aug 2016 07:26:04 raw_data.py[line:32] INFO http://hq.sinajs.cn/list=sh000001
Wed, 17 Aug 2016 07:26:05 raw_data.py[line:32] INFO http://hq.sinajs.cn/list=sh000001
Wed, 17 Aug 2016 07:26:05 raw_data.py[line:32] INFO http://hq.sinajs.cn/list=sh000001
Wed, 17 Aug 2016 07:26:06 raw_data.py[line:32] INFO http://hq.sinajs.cn/list=sh000001
Wed, 17 Aug 2016 07:26:07 raw_data.py[line:32] INFO http://hq.sinajs.cn/list=sh000001
Wed, 17 Aug 2016 07:26:08 raw_data.py[line:32] INFO http://hq.sinajs.cn/list=sh000001
Wed, 17 Aug 2016 07:26:09 raw_data.py[line:32] INFO http://hq.sinajs.cn/list=sh000001
Wed, 17 Aug 2016 07:26:10 raw_data.py[line:32] INFO http://hq.sinajs.cn/list=sh000001
Wed, 17 Aug 2016 07:26:11 raw_data.py[line:32] INFO http://hq.sinajs.cn/list=sh000001
Wed, 17 Aug 2016 07:26:12 raw_data.py[line:32] INFO http://hq.sinajs.cn/list=sh000001
Wed, 17 Aug 2016 07:26:13 raw_data.py[line:32] INFO http://hq.sinajs.cn/list=sh000001
Wed, 17 Aug 2016 07:26:14 raw_data.py[line:32] INFO http://hq.sinajs.cn/list=sh000001
Wed, 17 Aug 2016 07:26:15 raw_data.py[line:32] INFO http://hq.sinajs.cn/list=sh000001
Wed, 17 Aug 2016 07:26:16 raw_data.py[line:32] INFO http://hq.sinajs.cn/list=sh000001
Wed, 17 Aug 2016 07:26:17 raw_data.py[line:32] INFO http://hq.sinajs.cn/list=sh000001
Wed, 17 Aug 2016 07:26:18 raw_data.py[line:32] INFO http://hq.sinajs.cn/list=sh000001
Wed, 17 Aug 2016 07:26:19 raw_data.py[line:32] INFO http://hq.sinajs.cn/list=sh000001
Wed, 17 Aug 2016 07:26:20 raw_data.py[line:32] INFO http://hq.sinajs.cn/list=sh000001
Wed, 17 Aug 2016 07:26:21 raw_data.py[line:32] INFO http://hq.sinajs.cn/list=sh000001
Wed, 17 Aug 2016 07:26:22 raw_data.py[line:32] INFO http://hq.sinajs.cn/list=sh000001
Wed, 17 Aug 2016 07:26:23 raw_data.py[line:32] INFO http://hq.sinajs.cn/list=sh000001
Wed, 17 Aug 2016 07:26:24 raw_data.py[line:32] INFO http://hq.sinajs.cn/list=sh000001
Wed, 17 Aug 2016 07:26:25 raw_data.py[line:32] INFO http://hq.sinajs.cn/list=sh000001
Wed, 17 Aug 2016 07:26:26 raw_data.py[line:32] INFO http://hq.sinajs.cn/list=sh000001
Wed, 17 Aug 2016 07:26:27 raw_data.py[line:32] INFO http://hq.sinajs.cn/list=sh000001
Wed, 17 Aug 2016 07:26:28 raw_data.py[line:32] INFO http://hq.sinajs.cn/list=sh000001
Wed, 17 Aug 2016 07:26:29 raw_data.py[line:32] INFO http://hq.sinajs.cn/list=sh000001
Wed, 17 Aug 2016 07:26:30 raw_data.py[line:32] INFO http://hq.sinajs.cn/list=sh000001
Wed, 17 Aug 2016 07:26:31 raw_data.py[line:32] INFO http://hq.sinajs.cn/list=sh000001
Wed, 17 Aug 2016 07:26:33 raw_data.py[line:32] INFO http://hq.sinajs.cn/list=sh000001
Wed, 17 Aug 2016 07:26:34 raw_data.py[line:32] INFO http://hq.sinajs.cn/list=sh000001
Wed, 17 Aug 2016 07:26:35 raw_data.py[line:32] INFO http://hq.sinajs.cn/list=sh000001
Wed, 17 Aug 2016 07:26:36 raw_data.py[line:32] INFO http://hq.sinajs.cn/list=sh000001
Wed, 17 Aug 2016 07:26:37 raw_data.py[line:32] INFO http://hq.sinajs.cn/list=sh000001
Wed, 17 Aug 2016 07:26:38 raw_data.py[line:32] INFO http://hq.sinajs.cn/list=sh000001
Wed, 17 Aug 2016 07:26:39 raw_data.py[line:32] INFO http://hq.sinajs.cn/list=sh000001
Wed, 17 Aug 2016 07:26:40 raw_data.py[line:32] INFO http://hq.sinajs.cn/list=sh000001
Wed, 17 Aug 2016 07:26:41 raw_data.py[line:32] INFO http://hq.sinajs.cn/list=sh000001
Wed, 17 Aug 2016 07:26:42 raw_data.py[line:32] INFO http://hq.sinajs.cn/list=sh000001
Wed, 17 Aug 2016 07:26:43 raw_data.py[line:32] INFO http://hq.sinajs.cn/list=sh000001
Wed, 17 Aug 2016 07:26:44 raw_data.py[line:32] INFO http://hq.sinajs.cn/list=sh000001
Wed, 17 Aug 2016 07:26:45 raw_data.py[line:32] INFO http://hq.sinajs.cn/list=sh000001
Wed, 17 Aug 2016 07:26:46 raw_data.py[line:32] INFO http://hq.sinajs.cn/list=sh000001
Wed, 17 Aug 2016 07:26:47 raw_data.py[line:32] INFO http://hq.sinajs.cn/list=sh000001
Wed, 17 Aug 2016 07:26:48 raw_data.py[line:32] INFO http://hq.sinajs.cn/list=sh000001
Wed, 17 Aug 2016 07:26:49 raw_data.py[line:32] INFO http://hq.sinajs.cn/list=sh000001
Wed, 17 Aug 2016 07:26:50 raw_data.py[line:32] INFO http://hq.sinajs.cn/list=sh000001
Wed, 17 Aug 2016 07:26:51 raw_data.py[line:32] INFO http://hq.sinajs.cn/list=sh000001
Wed, 17 Aug 2016 07:26:52 raw_data.py[line:32] INFO http://hq.sinajs.cn/list=sh000001
Wed, 17 Aug 2016 07:26:53 raw_data.py[line:32] INFO http://hq.sinajs.cn/list=sh000001
Wed, 17 Aug 2016 07:26:54 raw_data.py[line:32] INFO http://hq.sinajs.cn/list=sh000001
Wed, 17 Aug 2016 07:26:55 raw_data.py[line:32] INFO http://hq.sinajs.cn/list=sh000001
Wed, 17 Aug 2016 07:26:56 raw_data.py[line:32] INFO http://hq.sinajs.cn/list=sh000001
Wed, 17 Aug 2016 07:26:57 raw_data.py[line:32] INFO http://hq.sinajs.cn/list=sh000001
Wed, 17 Aug 2016 07:26:58 raw_data.py[line:32] INFO http://hq.sinajs.cn/list=sh000001
Wed, 17 Aug 2016 07:27:00 raw_data.py[line:32] INFO http://hq.sinajs.cn/list=sh000001
Wed, 17 Aug 2016 07:27:01 raw_data.py[line:32] INFO http://hq.sinajs.cn/list=sh000001
Wed, 17 Aug 2016 07:27:02 raw_data.py[line:32] INFO http://hq.sinajs.cn/list=sh000001
Wed, 17 Aug 2016 07:27:03 raw_data.py[line:32] INFO http://hq.sinajs.cn/list=sh000001
Wed, 17 Aug 2016 07:27:04 raw_data.py[line:32] INFO http://hq.sinajs.cn/list=sh000001
Wed, 17 Aug 2016 07:27:05 raw_data.py[line:32] INFO http://hq.sinajs.cn/list=sh000001
Wed, 17 Aug 2016 07:27:06 raw_data.py[line:32] INFO http://hq.sinajs.cn/list=sh000001
Wed, 17 Aug 2016 07:27:07 raw_data.py[line:32] INFO http://hq.sinajs.cn/list=sh000001
Wed, 17 Aug 2016 07:27:08 raw_data.py[line:32] INFO http://hq.sinajs.cn/list=sh000001
Wed, 17 Aug 2016 07:27:09 raw_data.py[line:32] INFO http://hq.sinajs.cn/list=sh000001
Wed, 17 Aug 2016 07:27:10 raw_data.py[line:32] INFO http://hq.sinajs.cn/list=sh000001
Wed, 17 Aug 2016 07:27:11 raw_data.py[line:32] INFO http://hq.sinajs.cn/list=sh000001
Wed, 17 Aug 2016 07:27:12 raw_data.py[line:32] INFO http://hq.sinajs.cn/list=sh000001
Wed, 17 Aug 2016 07:27:13 raw_data.py[line:32] INFO http://hq.sinajs.cn/list=sh000001
Wed, 17 Aug 2016 07:27:14 raw_data.py[line:32] INFO http://hq.sinajs.cn/list=sh000001
Wed, 17 Aug 2016 07:27:15 raw_data.py[line:32] INFO http://hq.sinajs.cn/list=sh000001
Wed, 17 Aug 2016 07:27:16 raw_data.py[line:32] INFO http://hq.sinajs.cn/list=sh000001
Wed, 17 Aug 2016 07:27:17 raw_data.py[line:32] INFO http://hq.sinajs.cn/list=sh000001
Wed, 17 Aug 2016 07:27:18 raw_data.py[line:32] INFO http://hq.sinajs.cn/list=sh000001
Wed, 17 Aug 2016 07:27:19 raw_data.py[line:32] INFO http://hq.sinajs.cn/list=sh000001
Wed, 17 Aug 2016 07:27:20 raw_data.py[line:32] INFO http://hq.sinajs.cn/list=sh000001
Wed, 17 Aug 2016 07:27:21 raw_data.py[line:32] INFO http://hq.sinajs.cn/list=sh000001
Wed, 17 Aug 2016 07:27:22 raw_data.py[line:32] INFO http://hq.sinajs.cn/list=sh000001
Wed, 17 Aug 2016 07:27:23 raw_data.py[line:32] INFO http://hq.sinajs.cn/list=sh000001
Wed, 17 Aug 2016 07:27:24 raw_data.py[line:32] INFO http://hq.sinajs.cn/list=sh000001
Wed, 17 Aug 2016 07:27:26 raw_data.py[line:32] INFO http://hq.sinajs.cn/list=sh000001
Wed, 17 Aug 2016 07:27:27 raw_data.py[line:32] INFO http://hq.sinajs.cn/list=sh000001
Wed, 17 Aug 2016 07:27:28 raw_data.py[line:32] INFO http://hq.sinajs.cn/list=sh000001
Wed, 17 Aug 2016 07:27:29 raw_data.py[line:32] INFO http://hq.sinajs.cn/list=sh000001
Wed, 17 Aug 2016 07:27:30 raw_data.py[line:32] INFO http://hq.sinajs.cn/list=sh000001
Wed, 17 Aug 2016 07:27:31 raw_data.py[line:32] INFO http://hq.sinajs.cn/list=sh000001
Wed, 17 Aug 2016 07:27:32 raw_data.py[line:32] INFO http://hq.sinajs.cn/list=sh000001
Wed, 17 Aug 2016 07:27:33 raw_data.py[line:32] INFO http://hq.sinajs.cn/list=sh000001
Wed, 17 Aug 2016 07:27:34 raw_data.py[line:32] INFO http://hq.sinajs.cn/list=sh000001
Wed, 17 Aug 2016 07:27:35 raw_data.py[line:32] INFO http://hq.sinajs.cn/list=sh000001
Wed, 17 Aug 2016 07:27:36 raw_data.py[line:32] INFO http://hq.sinajs.cn/list=sh000001
Wed, 17 Aug 2016 07:27:37 raw_data.py[line:32] INFO http://hq.sinajs.cn/list=sh000001
Wed, 17 Aug 2016 07:27:38 raw_data.py[line:32] INFO http://hq.sinajs.cn/list=sh000001
Wed, 17 Aug 2016 07:27:39 raw_data.py[line:32] INFO http://hq.sinajs.cn/list=sh000001
Wed, 17 Aug 2016 07:27:40 raw_data.py[line:32] INFO http://hq.sinajs.cn/list=sh000001
Wed, 17 Aug 2016 07:27:41 raw_data.py[line:32] INFO http://hq.sinajs.cn/list=sh000001
Wed, 17 Aug 2016 07:27:42 raw_data.py[line:32] INFO http://hq.sinajs.cn/list=sh000001
Wed, 17 Aug 2016 07:27:43 raw_data.py[line:32] INFO http://hq.sinajs.cn/list=sh000001
Wed, 17 Aug 2016 07:27:44 raw_data.py[line:32] INFO http://hq.sinajs.cn/list=sh000001
Wed, 17 Aug 2016 07:27:45 raw_data.py[line:32] INFO http://hq.sinajs.cn/list=sh000001
Wed, 17 Aug 2016 07:27:46 raw_data.py[line:32] INFO http://hq.sinajs.cn/list=sh000001
Wed, 17 Aug 2016 07:27:47 raw_data.py[line:32] INFO http://hq.sinajs.cn/list=sh000001
Wed, 17 Aug 2016 07:27:48 raw_data.py[line:32] INFO http://hq.sinajs.cn/list=sh000001
Wed, 17 Aug 2016 07:27:49 raw_data.py[line:32] INFO http://hq.sinajs.cn/list=sh000001
Wed, 17 Aug 2016 07:27:50 raw_data.py[line:32] INFO http://hq.sinajs.cn/list=sh000001
Wed, 17 Aug 2016 07:27:53 raw_data.py[line:32] INFO http://hq.sinajs.cn/list=sh000001
Wed, 17 Aug 2016 07:27:54 raw_data.py[line:32] INFO http://hq.sinajs.cn/list=sh000001
Wed, 17 Aug 2016 07:27:55 raw_data.py[line:32] INFO http://hq.sinajs.cn/list=sh000001
Wed, 17 Aug 2016 07:27:56 raw_data.py[line:32] INFO http://hq.sinajs.cn/list=sh000001
Wed, 17 Aug 2016 07:27:57 raw_data.py[line:32] INFO http://hq.sinajs.cn/list=sh000001
Wed, 17 Aug 2016 07:27:58 raw_data.py[line:32] INFO http://hq.sinajs.cn/list=sh000001
Wed, 17 Aug 2016 07:27:59 raw_data.py[line:32] INFO http://hq.sinajs.cn/list=sh000001
Wed, 17 Aug 2016 07:28:00 raw_data.py[line:32] INFO http://hq.sinajs.cn/list=sh000001
Wed, 17 Aug 2016 07:28:01 raw_data.py[line:32] INFO http://hq.sinajs.cn/list=sh000001
Wed, 17 Aug 2016 07:28:02 raw_data.py[line:32] INFO http://hq.sinajs.cn/list=sh000001
Wed, 17 Aug 2016 07:28:03 raw_data.py[line:32] INFO http://hq.sinajs.cn/list=sh000001
Wed, 17 Aug 2016 20:47:42 leech.py[line:12] INFO this is leech entry point.
Wed, 17 Aug 2016 20:47:42 raw_data.py[line:32] INFO http://hq.sinajs.cn/list=sh000001
Wed, 17 Aug 2016 20:53:39 leech.py[line:12] INFO this is leech entry point.
Wed, 17 Aug 2016 20:53:39 raw_data.py[line:32] INFO http://hq.sinajs.cn/list=sh000001
Wed, 17 Aug 2016 20:54:38 leech.py[line:12] INFO this is leech entry point.
Wed, 17 Aug 2016 20:54:38 raw_data.py[line:32] INFO http://hq.sinajs.cn/list=sh000001
Wed, 17 Aug 2016 20:55:49 leech.py[line:12] INFO this is leech entry point.
Wed, 17 Aug 2016 20:55:49 raw_data.py[line:32] INFO http://hq.sinajs.cn/list=sh000001
Wed, 17 Aug 2016 20:57:00 leech.py[line:12] INFO this is leech entry point.
Wed, 17 Aug 2016 20:57:00 raw_data.py[line:32] INFO http://hq.sinajs.cn/list=sh000001
Wed, 17 Aug 2016 20:58:24 leech.py[line:12] INFO this is leech entry point.
Wed, 17 Aug 2016 20:58:24 raw_data.py[line:32] INFO http://hq.sinajs.cn/list=sh000001
Wed, 17 Aug 2016 20:58:26 raw_data.py[line:32] INFO http://hq.sinajs.cn/list=sh000001
Wed, 17 Aug 2016 20:58:28 raw_data.py[line:32] INFO http://hq.sinajs.cn/list=sh000001
Wed, 17 Aug 2016 20:58:30 raw_data.py[line:32] INFO http://hq.sinajs.cn/list=sh000001
Wed, 17 Aug 2016 20:58:32 raw_data.py[line:32] INFO http://hq.sinajs.cn/list=sh000001
Wed, 17 Aug 2016 20:58:34 raw_data.py[line:32] INFO http://hq.sinajs.cn/list=sh000001
Wed, 17 Aug 2016 20:58:36 raw_data.py[line:32] INFO http://hq.sinajs.cn/list=sh000001
Wed, 17 Aug 2016 20:58:38 raw_data.py[line:32] INFO http://hq.sinajs.cn/list=sh000001
Wed, 17 Aug 2016 20:58:40 raw_data.py[line:32] INFO http://hq.sinajs.cn/list=sh000001
Wed, 17 Aug 2016 20:58:42 raw_data.py[line:32] INFO http://hq.sinajs.cn/list=sh000001
Wed, 17 Aug 2016 20:58:44 raw_data.py[line:32] INFO http://hq.sinajs.cn/list=sh000001
Wed, 17 Aug 2016 20:58:46 raw_data.py[line:32] INFO http://hq.sinajs.cn/list=sh000001
Wed, 17 Aug 2016 20:58:48 raw_data.py[line:32] INFO http://hq.sinajs.cn/list=sh000001
Wed, 17 Aug 2016 20:58:50 raw_data.py[line:32] INFO http://hq.sinajs.cn/list=sh000001
Wed, 17 Aug 2016 20:58:52 raw_data.py[line:32] INFO http://hq.sinajs.cn/list=sh000001
Wed, 17 Aug 2016 20:58:54 raw_data.py[line:32] INFO http://hq.sinajs.cn/list=sh000001
Wed, 17 Aug 2016 20:58:56 raw_data.py[line:32] INFO http://hq.sinajs.cn/list=sh000001
Wed, 17 Aug 2016 20:58:58 raw_data.py[line:32] INFO http://hq.sinajs.cn/list=sh000001
Wed, 17 Aug 2016 20:59:00 raw_data.py[line:32] INFO http://hq.sinajs.cn/list=sh000001
Wed, 17 Aug 2016 20:59:02 raw_data.py[line:32] INFO http://hq.sinajs.cn/list=sh000001
Wed, 17 Aug 2016 20:59:04 raw_data.py[line:32] INFO http://hq.sinajs.cn/list=sh000001
Wed, 17 Aug 2016 20:59:07 raw_data.py[line:32] INFO http://hq.sinajs.cn/list=sh000001
Wed, 17 Aug 2016 20:59:09 raw_data.py[line:32] INFO http://hq.sinajs.cn/list=sh000001
Wed, 17 Aug 2016 20:59:11 raw_data.py[line:32] INFO http://hq.sinajs.cn/list=sh000001
Wed, 17 Aug 2016 20:59:13 raw_data.py[line:32] INFO http://hq.sinajs.cn/list=sh000001
Wed, 17 Aug 2016 20:59:15 raw_data.py[line:32] INFO http://hq.sinajs.cn/list=sh000001
Wed, 17 Aug 2016 20:59:17 raw_data.py[line:32] INFO http://hq.sinajs.cn/list=sh000001
Wed, 17 Aug 2016 20:59:19 raw_data.py[line:32] INFO http://hq.sinajs.cn/list=sh000001
Wed, 17 Aug 2016 20:59:21 raw_data.py[line:32] INFO http://hq.sinajs.cn/list=sh000001
Wed, 17 Aug 2016 20:59:23 raw_data.py[line:32] INFO http://hq.sinajs.cn/list=sh000001
Wed, 17 Aug 2016 20:59:25 raw_data.py[line:32] INFO http://hq.sinajs.cn/list=sh000001
Wed, 17 Aug 2016 20:59:27 raw_data.py[line:32] INFO http://hq.sinajs.cn/list=sh000001
Wed, 17 Aug 2016 20:59:29 raw_data.py[line:32] INFO http://hq.sinajs.cn/list=sh000001
Wed, 17 Aug 2016 20:59:31 raw_data.py[line:32] INFO http://hq.sinajs.cn/list=sh000001
Wed, 17 Aug 2016 20:59:33 raw_data.py[line:32] INFO http://hq.sinajs.cn/list=sh000001
Wed, 17 Aug 2016 20:59:35 raw_data.py[line:32] INFO http://hq.sinajs.cn/list=sh000001
Wed, 17 Aug 2016 20:59:37 raw_data.py[line:32] INFO http://hq.sinajs.cn/list=sh000001
Wed, 17 Aug 2016 20:59:39 raw_data.py[line:32] INFO http://hq.sinajs.cn/list=sh000001
Wed, 17 Aug 2016 20:59:41 raw_data.py[line:32] INFO http://hq.sinajs.cn/list=sh000001
Wed, 17 Aug 2016 20:59:43 raw_data.py[line:32] INFO http://hq.sinajs.cn/list=sh000001
Wed, 17 Aug 2016 20:59:45 raw_data.py[line:32] INFO http://hq.sinajs.cn/list=sh000001
Wed, 17 Aug 2016 20:59:47 raw_data.py[line:32] INFO http://hq.sinajs.cn/list=sh000001
Wed, 17 Aug 2016 20:59:49 raw_data.py[line:32] INFO http://hq.sinajs.cn/list=sh000001
Wed, 17 Aug 2016 20:59:52 raw_data.py[line:32] INFO http://hq.sinajs.cn/list=sh000001
Fri, 23 Sep 2016 14:16:07 leech.py[line:11] INFO this is leech entry point.
Fri, 23 Sep 2016 14:16:07 raw_data.py[line:48] INFO <html><frameset> <frame id='top' src="http://172.16.100.251/disable/disable.htm"><noframes> <body>Your browse does not support frame!</body> </noframes> </frameset> </html>
Fri, 23 Sep 2016 14:16:20 leech.py[line:11] INFO this is leech entry point.
Fri, 23 Sep 2016 14:18:16 leech.py[line:11] INFO this is leech entry point.
Fri, 23 Sep 2016 14:18:19 raw_data.py[line:48] INFO <html><frameset> <frame id='top' src="http://172.16.100.251/disable/disable.htm"><noframes> <body>Your browse does not support frame!</body> </noframes> </frameset> </html>
Sat, 24 Sep 2016 20:03:15 leech.py[line:11] INFO this is leech entry point.
Sat, 24 Sep 2016 20:03:17 raw_data.py[line:48] INFO var hq_str_sh000001="上证指数,3044.7858,3042.3132,3033.8956,3046.8047,3032.8023,0,0,125590976,147377736332,0,0,0,0,0,0,0,0,0,0,0,0,0,0,0,0,0,0,0,0,2016-09-23,15:01:58,00";

Sat, 24 Sep 2016 20:04:07 leech.py[line:11] INFO this is leech entry point.
Sat, 24 Sep 2016 20:04:08 raw_data.py[line:48] INFO var hq_str_sh000001="上证指数,3044.7858,3042.3132,3033.8956,3046.8047,3032.8023,0,0,125590976,147377736332,0,0,0,0,0,0,0,0,0,0,0,0,0,0,0,0,0,0,0,0,2016-09-23,15:01:58,00";

